Using pre-set license
Built from '2020.3/staging' branch; Version is '2020.3.11f1 (99c7afb366b3) revision 10078127'; Using compiler version '192528614'; Build Type 'Release'
OS: 'Windows 10 Home Single Language; OS build 18363.1556; Version 1909; 64bit' Language: 'ru' Physical Memory: 7103 MB
BatchMode: 1, IsHumanControllingUs: 0, StartBugReporterOnCrash: 0, Is64bit: 1, IsPro: 0

 COMMAND LINE ARGUMENTS:
D:\Unity\2020.3.11f1\Editor\Unity.exe
-adb2
-batchMode
-noUpm
-name
AssetImportWorker0
-projectPath
D:/unity project/Diplom
-logFile
Logs/AssetImportWorker0.log
-srvPort
57144
Successfully changed project path to: D:/unity project/Diplom
D:/unity project/Diplom
Using Asset Import Pipeline V2.
Refreshing native plugins compatible for Editor in 56.87 ms, found 2 plugins.
Preloading 0 native plugins for Editor in 0.00 ms.
Initialize engine version: 2020.3.11f1 (99c7afb366b3)
[Subsystems] Discovering subsystems at path D:/Unity/2020.3.11f1/Editor/Data/Resources/UnitySubsystems
[Subsystems] Discovering subsystems at path D:/unity project/Diplom/Assets
GfxDevice: creating device client; threaded=0
Direct3D:
    Version:  Direct3D 11.0 [level 11.1]
    Renderer: AMD Radeon(TM) Vega 8 Graphics (ID=0x15d8)
    Vendor:   
    VRAM:     3551 MB
    Driver:   26.20.11030.22001
Initialize mono
Mono path[0] = 'D:/Unity/2020.3.11f1/Editor/Data/Managed'
Mono path[1] = 'D:/Unity/2020.3.11f1/Editor/Data/MonoBleedingEdge/lib/mono/unityjit'
Mono config path = 'D:/Unity/2020.3.11f1/Editor/Data/MonoBleedingEdge/etc'
Using monoOptions --debugger-agent=transport=dt_socket,embedding=1,server=y,suspend=n,address=127.0.0.1:56980
Begin MonoManager ReloadAssembly
Registering precompiled unity dll's ...
Register platform support module: D:/Unity/2020.3.11f1/Editor/Data/PlaybackEngines/WindowsStandaloneSupport/UnityEditor.WindowsStandalone.Extensions.dll
Registered in 0.001239 seconds.
Native extension for WindowsStandalone target not found
Refreshing native plugins compatible for Editor in 77.50 ms, found 2 plugins.
Preloading 0 native plugins for Editor in 0.00 ms.
Mono: successfully reloaded assembly
- Completed reload, in  2.724 seconds
Platform modules already initialized, skipping
Registering precompiled user dll's ...
Registered in 0.007339 seconds.
Begin MonoManager ReloadAssembly
Native extension for WindowsStandalone target not found
Refreshing native plugins compatible for Editor in 0.57 ms, found 2 plugins.
Preloading 0 native plugins for Editor in 0.00 ms.
Mono: successfully reloaded assembly
- Completed reload, in  1.651 seconds
Platform modules already initialized, skipping
========================================================================
Worker process is ready to serve import requests
Launched and connected shader compiler UnityShaderCompiler.exe after 0.16 seconds
Refreshing native plugins compatible for Editor in 0.89 ms, found 2 plugins.
Preloading 0 native plugins for Editor in 0.00 ms.
Unloading 1457 Unused Serialized files (Serialized files now loaded: 0)
System memory in use before: 89.3 MB.
System memory in use after: 89.4 MB.

Unloading 18 unused Assets to reduce memory usage. Loaded Objects now: 1913.
Total: 2.942900 ms (FindLiveObjects: 0.331300 ms CreateObjectMapping: 0.043700 ms MarkObjects: 2.405600 ms  DeleteObjects: 0.160500 ms)

========================================================================
Received Import Request.
  path: Assets/Brackeys/2D Mega Pack/Characters/Blob Players/Animation/BlobPlayer_Blue.controller
  artifactKey: Guid(f07b6955ee40a5f4186f7c5fe592c77f) Importer(815301076,1909f56bfc062723c751e8b465ee728b)
Start importing Assets/Brackeys/2D Mega Pack/Characters/Blob Players/Animation/BlobPlayer_Blue.controller using Guid(f07b6955ee40a5f4186f7c5fe592c77f) Importer(815301076,1909f56bfc062723c751e8b465ee728b)  -> (artifact id: 'f80d5ca5986e24e608f3e507c5f19e30') in 0.082915 seconds
  Import took 0.086697 seconds .

========================================================================
Received Prepare
Registering precompiled user dll's ...
Registered in 0.005117 seconds.
Begin MonoManager ReloadAssembly
Native extension for WindowsStandalone target not found
Refreshing native plugins compatible for Editor in 0.69 ms, found 2 plugins.
Preloading 0 native plugins for Editor in 0.00 ms.
Mono: successfully reloaded assembly
- Completed reload, in  1.744 seconds
Platform modules already initialized, skipping
Refreshing native plugins compatible for Editor in 0.84 ms, found 2 plugins.
Preloading 0 native plugins for Editor in 0.00 ms.
Unloading 1439 Unused Serialized files (Serialized files now loaded: 0)
System memory in use before: 88.0 MB.
System memory in use after: 88.1 MB.

Unloading 14 unused Assets to reduce memory usage. Loaded Objects now: 1916.
Total: 4.726500 ms (FindLiveObjects: 0.330700 ms CreateObjectMapping: 0.081000 ms MarkObjects: 4.134300 ms  DeleteObjects: 0.177700 ms)

========================================================================
Received Prepare
Registering precompiled user dll's ...
Registered in 0.005901 seconds.
Begin MonoManager ReloadAssembly
Native extension for WindowsStandalone target not found
Refreshing native plugins compatible for Editor in 0.58 ms, found 2 plugins.
Preloading 0 native plugins for Editor in 0.00 ms.
Mono: successfully reloaded assembly
- Completed reload, in  1.783 seconds
Platform modules already initialized, skipping
Refreshing native plugins compatible for Editor in 0.61 ms, found 2 plugins.
Preloading 0 native plugins for Editor in 0.00 ms.
Unloading 1439 Unused Serialized files (Serialized files now loaded: 0)
System memory in use before: 88.0 MB.
System memory in use after: 88.1 MB.

Unloading 14 unused Assets to reduce memory usage. Loaded Objects now: 1919.
Total: 2.794300 ms (FindLiveObjects: 0.228400 ms CreateObjectMapping: 0.039300 ms MarkObjects: 2.401600 ms  DeleteObjects: 0.123000 ms)

========================================================================
Received Import Request.
  Time since last request: 349.208383 seconds.
  path: Assets/Scenes/Level8.unity
  artifactKey: Guid(ad1b4184cad09a940acc9246f9dc0ea1) Importer(815301076,1909f56bfc062723c751e8b465ee728b)
Start importing Assets/Scenes/Level8.unity using Guid(ad1b4184cad09a940acc9246f9dc0ea1) Importer(815301076,1909f56bfc062723c751e8b465ee728b)  -> (artifact id: 'd412cd44fd83c5d5db71b846528e5d1a') in 0.043259 seconds
  Import took 0.050019 seconds .

========================================================================
Received Prepare
Registering precompiled user dll's ...
Registered in 0.003420 seconds.
Begin MonoManager ReloadAssembly
Native extension for WindowsStandalone target not found
Refreshing native plugins compatible for Editor in 0.88 ms, found 2 plugins.
Preloading 0 native plugins for Editor in 0.00 ms.
Mono: successfully reloaded assembly
- Completed reload, in  1.846 seconds
Platform modules already initialized, skipping
Refreshing native plugins compatible for Editor in 0.57 ms, found 2 plugins.
Preloading 0 native plugins for Editor in 0.00 ms.
Unloading 1439 Unused Serialized files (Serialized files now loaded: 0)
System memory in use before: 88.0 MB.
System memory in use after: 88.1 MB.

Unloading 14 unused Assets to reduce memory usage. Loaded Objects now: 1922.
Total: 4.707200 ms (FindLiveObjects: 0.321500 ms CreateObjectMapping: 0.078800 ms MarkObjects: 4.122400 ms  DeleteObjects: 0.181900 ms)

========================================================================
Received Prepare
Registering precompiled user dll's ...
Registered in 0.005118 seconds.
Begin MonoManager ReloadAssembly
Native extension for WindowsStandalone target not found
Refreshing native plugins compatible for Editor in 0.85 ms, found 2 plugins.
Preloading 0 native plugins for Editor in 0.00 ms.
Mono: successfully reloaded assembly
- Completed reload, in  1.757 seconds
Platform modules already initialized, skipping
Refreshing native plugins compatible for Editor in 0.56 ms, found 2 plugins.
Preloading 0 native plugins for Editor in 0.00 ms.
Unloading 1439 Unused Serialized files (Serialized files now loaded: 0)
System memory in use before: 88.1 MB.
System memory in use after: 88.1 MB.

Unloading 14 unused Assets to reduce memory usage. Loaded Objects now: 1925.
Total: 4.534800 ms (FindLiveObjects: 0.304100 ms CreateObjectMapping: 0.078600 ms MarkObjects: 3.968400 ms  DeleteObjects: 0.181300 ms)

========================================================================
Received Import Request.
  Time since last request: 89.906789 seconds.
  path: Assets/Prefabs/Characters/Boba.prefab
  artifactKey: Guid(888f249b1a569af449d62cdd295693f6) Importer(815301076,1909f56bfc062723c751e8b465ee728b)
Start importing Assets/Prefabs/Characters/Boba.prefab using Guid(888f249b1a569af449d62cdd295693f6) Importer(815301076,1909f56bfc062723c751e8b465ee728b)  -> (artifact id: 'e8faa1058c9d1d02eaaa55bca94c3b07') in 0.228168 seconds
  Import took 0.235402 seconds .

========================================================================
Received Import Request.
  Time since last request: 0.009370 seconds.
  path: Assets/Prefabs/Characters/Boba.prefab
  artifactKey: Guid(888f249b1a569af449d62cdd295693f6) Importer(815301076,1909f56bfc062723c751e8b465ee728b)
Start importing Assets/Prefabs/Characters/Boba.prefab using Guid(888f249b1a569af449d62cdd295693f6) Importer(815301076,1909f56bfc062723c751e8b465ee728b)  -> (artifact id: 'e8faa1058c9d1d02eaaa55bca94c3b07') in 0.034050 seconds
  Import took 0.041627 seconds .

========================================================================
Received Prepare
Registering precompiled user dll's ...
Registered in 0.004410 seconds.
Begin MonoManager ReloadAssembly
Native extension for WindowsStandalone target not found
Refreshing native plugins compatible for Editor in 0.65 ms, found 2 plugins.
Preloading 0 native plugins for Editor in 0.00 ms.
Mono: successfully reloaded assembly
- Completed reload, in  1.326 seconds
Platform modules already initialized, skipping
Refreshing native plugins compatible for Editor in 0.63 ms, found 2 plugins.
Preloading 0 native plugins for Editor in 0.00 ms.
Unloading 1439 Unused Serialized files (Serialized files now loaded: 0)
System memory in use before: 91.2 MB.
System memory in use after: 91.3 MB.

Unloading 14 unused Assets to reduce memory usage. Loaded Objects now: 1935.
Total: 4.842400 ms (FindLiveObjects: 0.309600 ms CreateObjectMapping: 0.079100 ms MarkObjects: 4.269800 ms  DeleteObjects: 0.181100 ms)

========================================================================
Received Prepare
Registering precompiled user dll's ...
Registered in 0.004461 seconds.
Begin MonoManager ReloadAssembly
Native extension for WindowsStandalone target not found
Refreshing native plugins compatible for Editor in 0.57 ms, found 2 plugins.
Preloading 0 native plugins for Editor in 0.00 ms.
Mono: successfully reloaded assembly
- Completed reload, in  1.486 seconds
Platform modules already initialized, skipping
Refreshing native plugins compatible for Editor in 0.57 ms, found 2 plugins.
Preloading 0 native plugins for Editor in 0.00 ms.
Unloading 1439 Unused Serialized files (Serialized files now loaded: 0)
System memory in use before: 91.2 MB.
System memory in use after: 91.3 MB.

Unloading 14 unused Assets to reduce memory usage. Loaded Objects now: 1938.
Total: 4.825200 ms (FindLiveObjects: 0.313700 ms CreateObjectMapping: 0.078500 ms MarkObjects: 4.240300 ms  DeleteObjects: 0.189700 ms)

========================================================================
Received Prepare
Registering precompiled user dll's ...
Registered in 0.004546 seconds.
Begin MonoManager ReloadAssembly
Native extension for WindowsStandalone target not found
Refreshing native plugins compatible for Editor in 0.59 ms, found 2 plugins.
Preloading 0 native plugins for Editor in 0.00 ms.
Mono: successfully reloaded assembly
- Completed reload, in  1.406 seconds
Platform modules already initialized, skipping
Refreshing native plugins compatible for Editor in 0.57 ms, found 2 plugins.
Preloading 0 native plugins for Editor in 0.00 ms.
Unloading 1439 Unused Serialized files (Serialized files now loaded: 0)
System memory in use before: 91.2 MB.
System memory in use after: 91.3 MB.

Unloading 14 unused Assets to reduce memory usage. Loaded Objects now: 1941.
Total: 3.095600 ms (FindLiveObjects: 0.253100 ms CreateObjectMapping: 0.046600 ms MarkObjects: 2.668100 ms  DeleteObjects: 0.126000 ms)

========================================================================
Received Import Request.
  Time since last request: 346.912621 seconds.
  path: Assets/Prefabs/MainSceneObjects.prefab
  artifactKey: Guid(9b48356d37a9caa4faad2abbeda2af11) Importer(815301076,1909f56bfc062723c751e8b465ee728b)
Start importing Assets/Prefabs/MainSceneObjects.prefab using Guid(9b48356d37a9caa4faad2abbeda2af11) Importer(815301076,1909f56bfc062723c751e8b465ee728b)  -> (artifact id: '22ae34c2d23177669bede06fad3cbdb4') in 0.223670 seconds
  Import took 0.230425 seconds .

========================================================================
Received Prepare
Registering precompiled user dll's ...
Registered in 0.006501 seconds.
Begin MonoManager ReloadAssembly
Native extension for WindowsStandalone target not found
Refreshing native plugins compatible for Editor in 0.65 ms, found 2 plugins.
Preloading 0 native plugins for Editor in 0.00 ms.
Mono: successfully reloaded assembly
- Completed reload, in  1.747 seconds
Platform modules already initialized, skipping
Refreshing native plugins compatible for Editor in 0.61 ms, found 2 plugins.
Preloading 0 native plugins for Editor in 0.00 ms.
Unloading 1439 Unused Serialized files (Serialized files now loaded: 0)
System memory in use before: 91.4 MB.
System memory in use after: 91.4 MB.

Unloading 18 unused Assets to reduce memory usage. Loaded Objects now: 1945.
Total: 4.429600 ms (FindLiveObjects: 0.260900 ms CreateObjectMapping: 0.049000 ms MarkObjects: 3.931600 ms  DeleteObjects: 0.186000 ms)

========================================================================
Received Prepare
Refreshing native plugins compatible for Editor in 2.89 ms, found 2 plugins.
Preloading 0 native plugins for Editor in 0.00 ms.
Unloading 12 Unused Serialized files (Serialized files now loaded: 0)
System memory in use before: 63.1 MB.
System memory in use after: 63.2 MB.

Unloading 12 unused Assets to reduce memory usage. Loaded Objects now: 1945.
Total: 4.424400 ms (FindLiveObjects: 0.297200 ms CreateObjectMapping: 0.083000 ms MarkObjects: 3.862800 ms  DeleteObjects: 0.179400 ms)

AssetImportWorkerClient::OnTransportError - code=2 error=End of file
