Using pre-set license
Built from '2020.3/staging' branch; Version is '2020.3.11f1 (99c7afb366b3) revision 10078127'; Using compiler version '192528614'; Build Type 'Release'
OS: 'Windows 10 Home Single Language; OS build 18363.1556; Version 1909; 64bit' Language: 'ru' Physical Memory: 7103 MB
BatchMode: 1, IsHumanControllingUs: 0, StartBugReporterOnCrash: 0, Is64bit: 1, IsPro: 0

 COMMAND LINE ARGUMENTS:
D:\Unity\2020.3.11f1\Editor\Unity.exe
-adb2
-batchMode
-noUpm
-name
AssetImportWorker0
-projectPath
D:/unity project/Diplom
-logFile
Logs/AssetImportWorker0.log
-srvPort
49532
Successfully changed project path to: D:/unity project/Diplom
D:/unity project/Diplom
Using Asset Import Pipeline V2.
Refreshing native plugins compatible for Editor in 69.18 ms, found 5 plugins.
Preloading 0 native plugins for Editor in 0.00 ms.
Initialize engine version: 2020.3.11f1 (99c7afb366b3)
[Subsystems] Discovering subsystems at path D:/Unity/2020.3.11f1/Editor/Data/Resources/UnitySubsystems
[Subsystems] Discovering subsystems at path D:/unity project/Diplom/Assets
GfxDevice: creating device client; threaded=0
Direct3D:
    Version:  Direct3D 11.0 [level 11.1]
    Renderer: AMD Radeon(TM) Vega 8 Graphics (ID=0x15d8)
    Vendor:   
    VRAM:     3551 MB
    Driver:   26.20.11030.22001
Initialize mono
Mono path[0] = 'D:/Unity/2020.3.11f1/Editor/Data/Managed'
Mono path[1] = 'D:/Unity/2020.3.11f1/Editor/Data/MonoBleedingEdge/lib/mono/unityjit'
Mono config path = 'D:/Unity/2020.3.11f1/Editor/Data/MonoBleedingEdge/etc'
Using monoOptions --debugger-agent=transport=dt_socket,embedding=1,server=y,suspend=n,address=127.0.0.1:56292
Begin MonoManager ReloadAssembly
Registering precompiled unity dll's ...
Register platform support module: D:/Unity/2020.3.11f1/Editor/Data/PlaybackEngines/WindowsStandaloneSupport/UnityEditor.WindowsStandalone.Extensions.dll
Registered in 0.002025 seconds.
Native extension for WindowsStandalone target not found
Refreshing native plugins compatible for Editor in 56.29 ms, found 5 plugins.
Preloading 0 native plugins for Editor in 0.00 ms.
Mono: successfully reloaded assembly
- Completed reload, in  2.704 seconds
Platform modules already initialized, skipping
Registering precompiled user dll's ...
Registered in 0.005932 seconds.
Begin MonoManager ReloadAssembly
Native extension for WindowsStandalone target not found
Refreshing native plugins compatible for Editor in 1.03 ms, found 5 plugins.
Preloading 0 native plugins for Editor in 0.00 ms.
Mono: successfully reloaded assembly
- Completed reload, in  2.911 seconds
Platform modules already initialized, skipping
========================================================================
Worker process is ready to serve import requests
Launched and connected shader compiler UnityShaderCompiler.exe after 0.16 seconds
Refreshing native plugins compatible for Editor in 1.03 ms, found 5 plugins.
Preloading 0 native plugins for Editor in 0.00 ms.
Unloading 1600 Unused Serialized files (Serialized files now loaded: 0)
System memory in use before: 93.9 MB.
System memory in use after: 94.0 MB.

Unloading 25 unused Assets to reduce memory usage. Loaded Objects now: 2049.
Total: 5.414500 ms (FindLiveObjects: 0.331900 ms CreateObjectMapping: 0.086700 ms MarkObjects: 4.758900 ms  DeleteObjects: 0.234200 ms)

========================================================================
Received Import Request.
  path: Assets/Scenes/Level1.unity
  artifactKey: Guid(2cda990e2423bbf4892e6590ba056729) Importer(815301076,1909f56bfc062723c751e8b465ee728b)
Start importing Assets/Scenes/Level1.unity using Guid(2cda990e2423bbf4892e6590ba056729) Importer(815301076,1909f56bfc062723c751e8b465ee728b)  -> (artifact id: 'a5464d03afdca880b6c5e0fde22b7449') in 0.045229 seconds
  Import took 0.053458 seconds .

========================================================================
Received Import Request.
  Time since last request: 0.100330 seconds.
  path: Assets/Scenes/Level1.unity
  artifactKey: Guid(2cda990e2423bbf4892e6590ba056729) Importer(815301076,1909f56bfc062723c751e8b465ee728b)
Start importing Assets/Scenes/Level1.unity using Guid(2cda990e2423bbf4892e6590ba056729) Importer(815301076,1909f56bfc062723c751e8b465ee728b)  -> (artifact id: 'a5464d03afdca880b6c5e0fde22b7449') in 0.004234 seconds
  Import took 0.008541 seconds .

========================================================================
Received Prepare
Registering precompiled user dll's ...
Registered in 0.007599 seconds.
Begin MonoManager ReloadAssembly
Native extension for WindowsStandalone target not found
Refreshing native plugins compatible for Editor in 0.74 ms, found 5 plugins.
Preloading 0 native plugins for Editor in 0.00 ms.
Mono: successfully reloaded assembly
- Completed reload, in  2.110 seconds
Platform modules already initialized, skipping
Refreshing native plugins compatible for Editor in 0.70 ms, found 5 plugins.
Preloading 0 native plugins for Editor in 0.00 ms.
Unloading 1576 Unused Serialized files (Serialized files now loaded: 0)
System memory in use before: 92.0 MB.
System memory in use after: 92.1 MB.

Unloading 21 unused Assets to reduce memory usage. Loaded Objects now: 2052.
Total: 3.405200 ms (FindLiveObjects: 0.280500 ms CreateObjectMapping: 0.060700 ms MarkObjects: 2.927000 ms  DeleteObjects: 0.134700 ms)

========================================================================
Received Prepare
Registering precompiled user dll's ...
Registered in 0.009761 seconds.
Begin MonoManager ReloadAssembly
Native extension for WindowsStandalone target not found
Refreshing native plugins compatible for Editor in 0.85 ms, found 5 plugins.
Preloading 0 native plugins for Editor in 0.00 ms.
Mono: successfully reloaded assembly
- Completed reload, in  2.090 seconds
Platform modules already initialized, skipping
Refreshing native plugins compatible for Editor in 1.07 ms, found 5 plugins.
Preloading 0 native plugins for Editor in 0.00 ms.
Unloading 1576 Unused Serialized files (Serialized files now loaded: 0)
System memory in use before: 92.1 MB.
System memory in use after: 92.1 MB.

Unloading 21 unused Assets to reduce memory usage. Loaded Objects now: 2055.
Total: 2.949200 ms (FindLiveObjects: 0.267500 ms CreateObjectMapping: 0.043800 ms MarkObjects: 2.517400 ms  DeleteObjects: 0.118700 ms)

========================================================================
Received Prepare
Registering precompiled user dll's ...
Registered in 0.005601 seconds.
Begin MonoManager ReloadAssembly
Native extension for WindowsStandalone target not found
Refreshing native plugins compatible for Editor in 0.71 ms, found 5 plugins.
Preloading 0 native plugins for Editor in 0.00 ms.
Mono: successfully reloaded assembly
- Completed reload, in  2.067 seconds
Platform modules already initialized, skipping
Refreshing native plugins compatible for Editor in 1.71 ms, found 5 plugins.
Preloading 0 native plugins for Editor in 0.00 ms.
Unloading 1576 Unused Serialized files (Serialized files now loaded: 0)
System memory in use before: 92.1 MB.
System memory in use after: 92.2 MB.

Unloading 21 unused Assets to reduce memory usage. Loaded Objects now: 2058.
Total: 3.499500 ms (FindLiveObjects: 0.278300 ms CreateObjectMapping: 0.054800 ms MarkObjects: 3.038200 ms  DeleteObjects: 0.126100 ms)

========================================================================
Received Prepare
Registering precompiled user dll's ...
Registered in 0.004522 seconds.
Begin MonoManager ReloadAssembly
Native extension for WindowsStandalone target not found
Refreshing native plugins compatible for Editor in 0.99 ms, found 5 plugins.
Preloading 0 native plugins for Editor in 0.00 ms.
Mono: successfully reloaded assembly
- Completed reload, in  1.934 seconds
Platform modules already initialized, skipping
Refreshing native plugins compatible for Editor in 0.73 ms, found 5 plugins.
Preloading 0 native plugins for Editor in 0.00 ms.
Unloading 1576 Unused Serialized files (Serialized files now loaded: 0)
System memory in use before: 92.1 MB.
System memory in use after: 92.2 MB.

Unloading 21 unused Assets to reduce memory usage. Loaded Objects now: 2061.
Total: 3.526800 ms (FindLiveObjects: 0.439600 ms CreateObjectMapping: 0.070200 ms MarkObjects: 2.890900 ms  DeleteObjects: 0.123700 ms)

========================================================================
Received Prepare
Registering precompiled user dll's ...
Registered in 0.004485 seconds.
Begin MonoManager ReloadAssembly
Native extension for WindowsStandalone target not found
Refreshing native plugins compatible for Editor in 0.78 ms, found 5 plugins.
Preloading 0 native plugins for Editor in 0.00 ms.
Mono: successfully reloaded assembly
- Completed reload, in  2.064 seconds
Platform modules already initialized, skipping
Refreshing native plugins compatible for Editor in 1.45 ms, found 5 plugins.
Preloading 0 native plugins for Editor in 0.00 ms.
Unloading 1576 Unused Serialized files (Serialized files now loaded: 0)
System memory in use before: 92.1 MB.
System memory in use after: 92.2 MB.

Unloading 21 unused Assets to reduce memory usage. Loaded Objects now: 2064.
Total: 4.197900 ms (FindLiveObjects: 0.932900 ms CreateObjectMapping: 0.178900 ms MarkObjects: 2.947400 ms  DeleteObjects: 0.135800 ms)

========================================================================
Received Prepare
Registering precompiled user dll's ...
Registered in 0.005408 seconds.
Begin MonoManager ReloadAssembly
Native extension for WindowsStandalone target not found
Refreshing native plugins compatible for Editor in 0.93 ms, found 5 plugins.
Preloading 0 native plugins for Editor in 0.00 ms.
Mono: successfully reloaded assembly
- Completed reload, in  2.257 seconds
Platform modules already initialized, skipping
Refreshing native plugins compatible for Editor in 0.73 ms, found 5 plugins.
Preloading 0 native plugins for Editor in 0.00 ms.
Unloading 1576 Unused Serialized files (Serialized files now loaded: 0)
System memory in use before: 92.1 MB.
System memory in use after: 92.2 MB.

Unloading 21 unused Assets to reduce memory usage. Loaded Objects now: 2067.
Total: 5.306800 ms (FindLiveObjects: 0.266900 ms CreateObjectMapping: 0.056800 ms MarkObjects: 4.821200 ms  DeleteObjects: 0.159700 ms)

========================================================================
Received Prepare
Registering precompiled user dll's ...
Registered in 0.005208 seconds.
Begin MonoManager ReloadAssembly
Native extension for WindowsStandalone target not found
Refreshing native plugins compatible for Editor in 0.77 ms, found 5 plugins.
Preloading 0 native plugins for Editor in 0.00 ms.
Mono: successfully reloaded assembly
- Completed reload, in  1.795 seconds
Platform modules already initialized, skipping
Refreshing native plugins compatible for Editor in 0.83 ms, found 5 plugins.
Preloading 0 native plugins for Editor in 0.00 ms.
Unloading 1576 Unused Serialized files (Serialized files now loaded: 0)
System memory in use before: 92.1 MB.
System memory in use after: 92.2 MB.

Unloading 21 unused Assets to reduce memory usage. Loaded Objects now: 2070.
Total: 6.465800 ms (FindLiveObjects: 0.282000 ms CreateObjectMapping: 0.065800 ms MarkObjects: 5.970700 ms  DeleteObjects: 0.145000 ms)

========================================================================
Received Prepare
Registering precompiled user dll's ...
Registered in 0.005125 seconds.
Begin MonoManager ReloadAssembly
Native extension for WindowsStandalone target not found
Refreshing native plugins compatible for Editor in 0.95 ms, found 5 plugins.
Preloading 0 native plugins for Editor in 0.00 ms.
Mono: successfully reloaded assembly
- Completed reload, in  2.017 seconds
Platform modules already initialized, skipping
Refreshing native plugins compatible for Editor in 0.74 ms, found 5 plugins.
Preloading 0 native plugins for Editor in 0.00 ms.
Unloading 1576 Unused Serialized files (Serialized files now loaded: 0)
System memory in use before: 92.1 MB.
System memory in use after: 92.2 MB.

Unloading 21 unused Assets to reduce memory usage. Loaded Objects now: 2073.
Total: 5.979800 ms (FindLiveObjects: 0.387300 ms CreateObjectMapping: 0.057900 ms MarkObjects: 5.379500 ms  DeleteObjects: 0.152100 ms)

========================================================================
Received Prepare
Registering precompiled user dll's ...
Registered in 0.005863 seconds.
Begin MonoManager ReloadAssembly
Native extension for WindowsStandalone target not found
Refreshing native plugins compatible for Editor in 0.80 ms, found 5 plugins.
Preloading 0 native plugins for Editor in 0.00 ms.
Mono: successfully reloaded assembly
- Completed reload, in  2.056 seconds
Platform modules already initialized, skipping
Refreshing native plugins compatible for Editor in 0.96 ms, found 5 plugins.
Preloading 0 native plugins for Editor in 0.00 ms.
Unloading 1576 Unused Serialized files (Serialized files now loaded: 0)
System memory in use before: 92.1 MB.
System memory in use after: 92.2 MB.

Unloading 21 unused Assets to reduce memory usage. Loaded Objects now: 2076.
Total: 4.136000 ms (FindLiveObjects: 0.621000 ms CreateObjectMapping: 0.257800 ms MarkObjects: 3.130000 ms  DeleteObjects: 0.124300 ms)

========================================================================
Received Import Request.
  Time since last request: 631.193689 seconds.
  path: Assets/AudioMixer.mixer
  artifactKey: Guid(3cac9d9fb4236624695930c54e18e033) Importer(815301076,1909f56bfc062723c751e8b465ee728b)
Start importing Assets/AudioMixer.mixer using Guid(3cac9d9fb4236624695930c54e18e033) Importer(815301076,1909f56bfc062723c751e8b465ee728b)  -> (artifact id: 'c92bb36d38d45130c6e6ace5691cdbf9') in 0.093934 seconds
  Import took 0.099240 seconds .

========================================================================
Received Prepare
Registering precompiled user dll's ...
Registered in 0.006490 seconds.
Begin MonoManager ReloadAssembly
Native extension for WindowsStandalone target not found
Refreshing native plugins compatible for Editor in 1.23 ms, found 5 plugins.
Preloading 0 native plugins for Editor in 0.00 ms.
Mono: successfully reloaded assembly
- Completed reload, in  1.717 seconds
Platform modules already initialized, skipping
Refreshing native plugins compatible for Editor in 0.72 ms, found 5 plugins.
Preloading 0 native plugins for Editor in 0.00 ms.
Unloading 1576 Unused Serialized files (Serialized files now loaded: 0)
System memory in use before: 92.1 MB.
System memory in use after: 92.2 MB.

Unloading 21 unused Assets to reduce memory usage. Loaded Objects now: 2079.
Total: 5.463400 ms (FindLiveObjects: 0.689300 ms CreateObjectMapping: 0.195900 ms MarkObjects: 4.425100 ms  DeleteObjects: 0.150500 ms)

========================================================================
Received Import Request.
  Time since last request: 252.261116 seconds.
  path: Assets/Prefabs/GameController/Main Camera.prefab
  artifactKey: Guid(72c522d1af3e99e4db93ed210e40602c) Importer(815301076,1909f56bfc062723c751e8b465ee728b)
Start importing Assets/Prefabs/GameController/Main Camera.prefab using Guid(72c522d1af3e99e4db93ed210e40602c) Importer(815301076,1909f56bfc062723c751e8b465ee728b)  -> (artifact id: '538117d3a0ed6f208b7ddfb1017a4b27') in 0.052995 seconds
  Import took 0.059454 seconds .

========================================================================
Received Import Request.
  Time since last request: 0.013338 seconds.
  path: Assets/Prefabs/GameController/Main Camera.prefab
  artifactKey: Guid(72c522d1af3e99e4db93ed210e40602c) Importer(815301076,1909f56bfc062723c751e8b465ee728b)
Start importing Assets/Prefabs/GameController/Main Camera.prefab using Guid(72c522d1af3e99e4db93ed210e40602c) Importer(815301076,1909f56bfc062723c751e8b465ee728b)  -> (artifact id: '538117d3a0ed6f208b7ddfb1017a4b27') in 0.007417 seconds
  Import took 0.011195 seconds .

========================================================================
Received Import Request.
  Time since last request: 87.885939 seconds.
  path: Assets/Prefabs/UI/CanvasOverlay.prefab
  artifactKey: Guid(878bc6bf88907874c959ae67c5672e29) Importer(815301076,1909f56bfc062723c751e8b465ee728b)
Start importing Assets/Prefabs/UI/CanvasOverlay.prefab using Guid(878bc6bf88907874c959ae67c5672e29) Importer(815301076,1909f56bfc062723c751e8b465ee728b)  -> (artifact id: 'dcc9834491091025e345270c1d7280b7') in 0.081436 seconds
  Import took 0.087825 seconds .

========================================================================
Received Prepare
Registering precompiled user dll's ...
Registered in 0.004527 seconds.
Begin MonoManager ReloadAssembly
Native extension for WindowsStandalone target not found
Refreshing native plugins compatible for Editor in 1.17 ms, found 5 plugins.
Preloading 0 native plugins for Editor in 0.00 ms.
Mono: successfully reloaded assembly
- Completed reload, in  2.187 seconds
Platform modules already initialized, skipping
Refreshing native plugins compatible for Editor in 1.04 ms, found 5 plugins.
Preloading 0 native plugins for Editor in 0.00 ms.
Unloading 1576 Unused Serialized files (Serialized files now loaded: 0)
System memory in use before: 92.2 MB.
System memory in use after: 92.2 MB.

Unloading 23 unused Assets to reduce memory usage. Loaded Objects now: 2082.
Total: 3.383300 ms (FindLiveObjects: 0.354800 ms CreateObjectMapping: 0.086900 ms MarkObjects: 2.796400 ms  DeleteObjects: 0.143100 ms)

========================================================================
Received Import Request.
  Time since last request: 207.750207 seconds.
  path: Assets/Scenes/Level2.unity
  artifactKey: Guid(152231c94eb6e804fa186f08d2dd31b4) Importer(815301076,1909f56bfc062723c751e8b465ee728b)
Start importing Assets/Scenes/Level2.unity using Guid(152231c94eb6e804fa186f08d2dd31b4) Importer(815301076,1909f56bfc062723c751e8b465ee728b)  -> (artifact id: '31359fa99a2d0a9fd0320f1b37cbc4dc') in 0.034022 seconds
  Import took 0.039705 seconds .

========================================================================
Received Prepare
Registering precompiled user dll's ...
Registered in 0.005402 seconds.
Begin MonoManager ReloadAssembly
Native extension for WindowsStandalone target not found
Refreshing native plugins compatible for Editor in 0.71 ms, found 5 plugins.
Preloading 0 native plugins for Editor in 0.00 ms.
Mono: successfully reloaded assembly
- Completed reload, in  2.066 seconds
Platform modules already initialized, skipping
Refreshing native plugins compatible for Editor in 0.70 ms, found 5 plugins.
Preloading 0 native plugins for Editor in 0.00 ms.
Unloading 1576 Unused Serialized files (Serialized files now loaded: 0)
System memory in use before: 92.2 MB.
System memory in use after: 92.2 MB.

Unloading 21 unused Assets to reduce memory usage. Loaded Objects now: 2085.
Total: 4.187000 ms (FindLiveObjects: 0.267700 ms CreateObjectMapping: 0.055600 ms MarkObjects: 3.698800 ms  DeleteObjects: 0.161700 ms)

========================================================================
Received Import Request.
  Time since last request: 88.654234 seconds.
  path: Assets/Scenes/Level3.unity
  artifactKey: Guid(e5f1b53034b817244a401b4784b57277) Importer(815301076,1909f56bfc062723c751e8b465ee728b)
Start importing Assets/Scenes/Level3.unity using Guid(e5f1b53034b817244a401b4784b57277) Importer(815301076,1909f56bfc062723c751e8b465ee728b)  -> (artifact id: '936bd2581f537e7857e9b5b0e48824d6') in 0.045302 seconds
  Import took 0.051652 seconds .

========================================================================
Received Prepare
Registering precompiled user dll's ...
Registered in 0.015624 seconds.
Begin MonoManager ReloadAssembly
Native extension for WindowsStandalone target not found
Refreshing native plugins compatible for Editor in 0.79 ms, found 5 plugins.
Preloading 0 native plugins for Editor in 0.00 ms.
Mono: successfully reloaded assembly
- Completed reload, in  1.842 seconds
Platform modules already initialized, skipping
Refreshing native plugins compatible for Editor in 1.13 ms, found 5 plugins.
Preloading 0 native plugins for Editor in 0.00 ms.
Unloading 1576 Unused Serialized files (Serialized files now loaded: 0)
System memory in use before: 92.2 MB.
System memory in use after: 92.3 MB.

Unloading 21 unused Assets to reduce memory usage. Loaded Objects now: 2088.
Total: 4.443700 ms (FindLiveObjects: 0.692900 ms CreateObjectMapping: 0.140700 ms MarkObjects: 3.450900 ms  DeleteObjects: 0.155800 ms)

========================================================================
Received Import Request.
  Time since last request: 55.487236 seconds.
  path: Assets/Prefabs/MainPrefabs/GameController.prefab
  artifactKey: Guid(f8b5db9fcc913ac4fb2ab3c2c4174bce) Importer(815301076,1909f56bfc062723c751e8b465ee728b)
Start importing Assets/Prefabs/MainPrefabs/GameController.prefab using Guid(f8b5db9fcc913ac4fb2ab3c2c4174bce) Importer(815301076,1909f56bfc062723c751e8b465ee728b)  -> (artifact id: '459366114c3c13e4be8d8066ea1d7e5e') in 0.061531 seconds
  Import took 0.066731 seconds .

========================================================================
Received Prepare
Registering precompiled user dll's ...
Registered in 0.004241 seconds.
Begin MonoManager ReloadAssembly
Native extension for WindowsStandalone target not found
Refreshing native plugins compatible for Editor in 0.78 ms, found 5 plugins.
Preloading 0 native plugins for Editor in 0.00 ms.
Mono: successfully reloaded assembly
- Completed reload, in  1.977 seconds
Platform modules already initialized, skipping
Refreshing native plugins compatible for Editor in 0.93 ms, found 5 plugins.
Preloading 0 native plugins for Editor in 0.00 ms.
Unloading 1576 Unused Serialized files (Serialized files now loaded: 0)
System memory in use before: 92.2 MB.
System memory in use after: 92.3 MB.

Unloading 21 unused Assets to reduce memory usage. Loaded Objects now: 2091.
Total: 3.711700 ms (FindLiveObjects: 0.320700 ms CreateObjectMapping: 0.068200 ms MarkObjects: 3.151200 ms  DeleteObjects: 0.168700 ms)

========================================================================
Received Import Request.
  Time since last request: 29.351414 seconds.
  path: Assets/Scenes/Level4.unity
  artifactKey: Guid(602d3b761540cdc4a90d5ed2a6ac3161) Importer(815301076,1909f56bfc062723c751e8b465ee728b)
Start importing Assets/Scenes/Level4.unity using Guid(602d3b761540cdc4a90d5ed2a6ac3161) Importer(815301076,1909f56bfc062723c751e8b465ee728b)  -> (artifact id: '43bfd54ac6e09ed50ae7e178fb4a4b43') in 0.026481 seconds
  Import took 0.038598 seconds .

========================================================================
Received Import Request.
  Time since last request: 38.042647 seconds.
  path: Assets/Scenes/Level5.unity
  artifactKey: Guid(fbbca56468f82f24caffc2d04455b88f) Importer(815301076,1909f56bfc062723c751e8b465ee728b)
Start importing Assets/Scenes/Level5.unity using Guid(fbbca56468f82f24caffc2d04455b88f) Importer(815301076,1909f56bfc062723c751e8b465ee728b)  -> (artifact id: '7d348e50c12a1731b072b5f2f2d5eb2d') in 0.023413 seconds
  Import took 0.029807 seconds .

========================================================================
Received Prepare
Registering precompiled user dll's ...
Registered in 0.006818 seconds.
Begin MonoManager ReloadAssembly
Native extension for WindowsStandalone target not found
Refreshing native plugins compatible for Editor in 0.99 ms, found 5 plugins.
Preloading 0 native plugins for Editor in 0.00 ms.
Mono: successfully reloaded assembly
- Completed reload, in  2.186 seconds
Platform modules already initialized, skipping
Refreshing native plugins compatible for Editor in 0.80 ms, found 5 plugins.
Preloading 0 native plugins for Editor in 0.00 ms.
Unloading 1576 Unused Serialized files (Serialized files now loaded: 0)
System memory in use before: 92.2 MB.
System memory in use after: 92.3 MB.

Unloading 21 unused Assets to reduce memory usage. Loaded Objects now: 2094.
Total: 3.354700 ms (FindLiveObjects: 0.294600 ms CreateObjectMapping: 0.069300 ms MarkObjects: 2.851800 ms  DeleteObjects: 0.136700 ms)

========================================================================
Received Import Request.
  Time since last request: 22.912907 seconds.
  path: Assets/Scenes/Level6.unity
  artifactKey: Guid(dbf8b5fd0a29e6d4883d6c70f09cf300) Importer(815301076,1909f56bfc062723c751e8b465ee728b)
Start importing Assets/Scenes/Level6.unity using Guid(dbf8b5fd0a29e6d4883d6c70f09cf300) Importer(815301076,1909f56bfc062723c751e8b465ee728b)  -> (artifact id: '4cc6cfbc42c3063b9c873b96b8cb48f5') in 0.052348 seconds
  Import took 0.059565 seconds .

========================================================================
Received Import Request.
  Time since last request: 0.001692 seconds.
  path: Assets/Scenes/Level6.unity
  artifactKey: Guid(dbf8b5fd0a29e6d4883d6c70f09cf300) Importer(815301076,1909f56bfc062723c751e8b465ee728b)
Start importing Assets/Scenes/Level6.unity using Guid(dbf8b5fd0a29e6d4883d6c70f09cf300) Importer(815301076,1909f56bfc062723c751e8b465ee728b)  -> (artifact id: '4cc6cfbc42c3063b9c873b96b8cb48f5') in 0.006792 seconds
  Import took 0.011497 seconds .

========================================================================
Received Prepare
Registering precompiled user dll's ...
Registered in 0.006374 seconds.
Begin MonoManager ReloadAssembly
Native extension for WindowsStandalone target not found
Refreshing native plugins compatible for Editor in 0.78 ms, found 5 plugins.
Preloading 0 native plugins for Editor in 0.00 ms.
Mono: successfully reloaded assembly
- Completed reload, in  1.630 seconds
Platform modules already initialized, skipping
Refreshing native plugins compatible for Editor in 0.70 ms, found 5 plugins.
Preloading 0 native plugins for Editor in 0.00 ms.
Unloading 1576 Unused Serialized files (Serialized files now loaded: 0)
System memory in use before: 92.2 MB.
System memory in use after: 92.3 MB.

Unloading 21 unused Assets to reduce memory usage. Loaded Objects now: 2097.
Total: 3.551200 ms (FindLiveObjects: 0.298100 ms CreateObjectMapping: 0.045600 ms MarkObjects: 3.050300 ms  DeleteObjects: 0.155000 ms)

========================================================================
Received Prepare
Registering precompiled user dll's ...
Registered in 0.007169 seconds.
Begin MonoManager ReloadAssembly
Native extension for WindowsStandalone target not found
Refreshing native plugins compatible for Editor in 0.82 ms, found 5 plugins.
Preloading 0 native plugins for Editor in 0.00 ms.
Mono: successfully reloaded assembly
- Completed reload, in  2.107 seconds
Platform modules already initialized, skipping
Refreshing native plugins compatible for Editor in 1.59 ms, found 5 plugins.
Preloading 0 native plugins for Editor in 0.00 ms.
Unloading 1576 Unused Serialized files (Serialized files now loaded: 0)
System memory in use before: 92.2 MB.
System memory in use after: 92.3 MB.

Unloading 21 unused Assets to reduce memory usage. Loaded Objects now: 2100.
Total: 7.016100 ms (FindLiveObjects: 0.712500 ms CreateObjectMapping: 0.214400 ms MarkObjects: 5.885300 ms  DeleteObjects: 0.200400 ms)

========================================================================
Received Import Request.
  Time since last request: 223.874820 seconds.
  path: Assets/Scenes/Level12.unity
  artifactKey: Guid(ad1b4184cad09a940acc9246f9dc0ea1) Importer(815301076,1909f56bfc062723c751e8b465ee728b)
Start importing Assets/Scenes/Level12.unity using Guid(ad1b4184cad09a940acc9246f9dc0ea1) Importer(815301076,1909f56bfc062723c751e8b465ee728b)  -> (artifact id: 'fca14228f0e4d51dd5a6fff9d6ee0778') in 0.052062 seconds
  Import took 0.058679 seconds .

========================================================================
Received Import Request.
  Time since last request: 20.952815 seconds.
  path: Assets/Scenes/Level13.unity
  artifactKey: Guid(03dd9f1a86ea99046a6b35eaab23aa6f) Importer(815301076,1909f56bfc062723c751e8b465ee728b)
Start importing Assets/Scenes/Level13.unity using Guid(03dd9f1a86ea99046a6b35eaab23aa6f) Importer(815301076,1909f56bfc062723c751e8b465ee728b)  -> (artifact id: 'bfbc74e21d07030b24356717914fca3c') in 0.019506 seconds
  Import took 0.024155 seconds .

========================================================================
Received Import Request.
  Time since last request: 21.125976 seconds.
  path: Assets/Scenes/Level12.unity
  artifactKey: Guid(ad1b4184cad09a940acc9246f9dc0ea1) Importer(815301076,1909f56bfc062723c751e8b465ee728b)
Start importing Assets/Scenes/Level12.unity using Guid(ad1b4184cad09a940acc9246f9dc0ea1) Importer(815301076,1909f56bfc062723c751e8b465ee728b)  -> (artifact id: 'e89e8a8c05a0f3bad43226ccd8c16106') in 0.013683 seconds
  Import took 0.019381 seconds .

========================================================================
Received Import Request.
  Time since last request: 8.352168 seconds.
  path: Assets/Scenes/Level13.unity
  artifactKey: Guid(03dd9f1a86ea99046a6b35eaab23aa6f) Importer(815301076,1909f56bfc062723c751e8b465ee728b)
Start importing Assets/Scenes/Level13.unity using Guid(03dd9f1a86ea99046a6b35eaab23aa6f) Importer(815301076,1909f56bfc062723c751e8b465ee728b)  -> (artifact id: 'd658be3a20c01f10d3dc0877ba1d23c4') in 0.010285 seconds
  Import took 0.024236 seconds .

========================================================================
Received Prepare
Registering precompiled user dll's ...
Registered in 0.005618 seconds.
Begin MonoManager ReloadAssembly
Native extension for WindowsStandalone target not found
Refreshing native plugins compatible for Editor in 0.83 ms, found 5 plugins.
Preloading 0 native plugins for Editor in 0.00 ms.
Mono: successfully reloaded assembly
- Completed reload, in  2.152 seconds
Platform modules already initialized, skipping
Refreshing native plugins compatible for Editor in 1.20 ms, found 5 plugins.
Preloading 0 native plugins for Editor in 0.00 ms.
Unloading 1576 Unused Serialized files (Serialized files now loaded: 0)
System memory in use before: 92.2 MB.
System memory in use after: 92.3 MB.

Unloading 21 unused Assets to reduce memory usage. Loaded Objects now: 2103.
Total: 4.423600 ms (FindLiveObjects: 0.393100 ms CreateObjectMapping: 0.065000 ms MarkObjects: 3.820400 ms  DeleteObjects: 0.141300 ms)

========================================================================
Received Import Request.
  Time since last request: 82.228242 seconds.
  path: Assets/Scenes/Level16.unity
  artifactKey: Guid(66752674a05d7d143aa1cb458f374da0) Importer(815301076,1909f56bfc062723c751e8b465ee728b)
Start importing Assets/Scenes/Level16.unity using Guid(66752674a05d7d143aa1cb458f374da0) Importer(815301076,1909f56bfc062723c751e8b465ee728b)  -> (artifact id: 'b907f08389fab327d64549fd1cb6342d') in 0.042575 seconds
  Import took 0.048928 seconds .

========================================================================
Received Import Request.
  Time since last request: 31.324457 seconds.
  path: Assets/Scenes/Level17.unity
  artifactKey: Guid(71c0f2c78a15ee449aaeac0998280a42) Importer(815301076,1909f56bfc062723c751e8b465ee728b)
Start importing Assets/Scenes/Level17.unity using Guid(71c0f2c78a15ee449aaeac0998280a42) Importer(815301076,1909f56bfc062723c751e8b465ee728b)  -> (artifact id: '7c860e9a966626eddb52ee828d266683') in 0.017731 seconds
  Import took 0.024413 seconds .

========================================================================
Received Import Request.
  Time since last request: 28.630329 seconds.
  path: Assets/Scenes/Level18.unity
  artifactKey: Guid(ab46e4653d4dbc9438ee423a4ed16f0b) Importer(815301076,1909f56bfc062723c751e8b465ee728b)
Start importing Assets/Scenes/Level18.unity using Guid(ab46e4653d4dbc9438ee423a4ed16f0b) Importer(815301076,1909f56bfc062723c751e8b465ee728b)  -> (artifact id: '87d0ffd78a54e5f6c3bd9c0b495fccff') in 0.013804 seconds
  Import took 0.026766 seconds .

========================================================================
Received Import Request.
  Time since last request: 25.057150 seconds.
  path: Assets/Scenes/Level19.unity
  artifactKey: Guid(6cb136f4e1fc70341827002f7a3e952a) Importer(815301076,1909f56bfc062723c751e8b465ee728b)
Start importing Assets/Scenes/Level19.unity using Guid(6cb136f4e1fc70341827002f7a3e952a) Importer(815301076,1909f56bfc062723c751e8b465ee728b)  -> (artifact id: '59205850e7d4499b191476f4db0d2dd7') in 0.027853 seconds
  Import took 0.033105 seconds .

========================================================================
Received Import Request.
  Time since last request: 20.026254 seconds.
  path: Assets/Scenes/Level20.unity
  artifactKey: Guid(5ba88e1f261981a468b76c63730722f5) Importer(815301076,1909f56bfc062723c751e8b465ee728b)
Start importing Assets/Scenes/Level20.unity using Guid(5ba88e1f261981a468b76c63730722f5) Importer(815301076,1909f56bfc062723c751e8b465ee728b)  -> (artifact id: 'e508137e473dd0d600d95eebe4d3b47c') in 0.016161 seconds
  Import took 0.029759 seconds .

========================================================================
Received Prepare
Registering precompiled user dll's ...
Registered in 0.008302 seconds.
Begin MonoManager ReloadAssembly
Native extension for WindowsStandalone target not found
Refreshing native plugins compatible for Editor in 1.25 ms, found 5 plugins.
Preloading 0 native plugins for Editor in 0.00 ms.
Mono: successfully reloaded assembly
- Completed reload, in  1.673 seconds
Platform modules already initialized, skipping
Refreshing native plugins compatible for Editor in 0.74 ms, found 5 plugins.
Preloading 0 native plugins for Editor in 0.00 ms.
Unloading 1576 Unused Serialized files (Serialized files now loaded: 0)
System memory in use before: 92.3 MB.
System memory in use after: 92.4 MB.

Unloading 21 unused Assets to reduce memory usage. Loaded Objects now: 2106.
Total: 4.154000 ms (FindLiveObjects: 0.361500 ms CreateObjectMapping: 0.068500 ms MarkObjects: 3.585900 ms  DeleteObjects: 0.135600 ms)

========================================================================
Received Prepare
Registering precompiled user dll's ...
Registered in 0.006041 seconds.
Begin MonoManager ReloadAssembly
Native extension for WindowsStandalone target not found
Refreshing native plugins compatible for Editor in 0.86 ms, found 5 plugins.
Preloading 0 native plugins for Editor in 0.00 ms.
Mono: successfully reloaded assembly
- Completed reload, in  1.679 seconds
Platform modules already initialized, skipping
Refreshing native plugins compatible for Editor in 0.68 ms, found 5 plugins.
Preloading 0 native plugins for Editor in 0.00 ms.
Unloading 1576 Unused Serialized files (Serialized files now loaded: 0)
System memory in use before: 92.3 MB.
System memory in use after: 92.4 MB.

Unloading 21 unused Assets to reduce memory usage. Loaded Objects now: 2109.
Total: 3.441700 ms (FindLiveObjects: 0.286900 ms CreateObjectMapping: 0.053700 ms MarkObjects: 2.963400 ms  DeleteObjects: 0.135400 ms)

========================================================================
Received Prepare
Registering precompiled user dll's ...
Registered in 0.006651 seconds.
Begin MonoManager ReloadAssembly
Native extension for WindowsStandalone target not found
Refreshing native plugins compatible for Editor in 0.84 ms, found 5 plugins.
Preloading 0 native plugins for Editor in 0.00 ms.
Mono: successfully reloaded assembly
- Completed reload, in  1.813 seconds
Platform modules already initialized, skipping
Refreshing native plugins compatible for Editor in 1.40 ms, found 5 plugins.
Preloading 0 native plugins for Editor in 0.00 ms.
Unloading 1576 Unused Serialized files (Serialized files now loaded: 0)
System memory in use before: 92.3 MB.
System memory in use after: 92.4 MB.

Unloading 21 unused Assets to reduce memory usage. Loaded Objects now: 2112.
Total: 3.706800 ms (FindLiveObjects: 0.306100 ms CreateObjectMapping: 0.060500 ms MarkObjects: 3.197100 ms  DeleteObjects: 0.140800 ms)

========================================================================
Received Prepare
Registering precompiled user dll's ...
Registered in 0.007671 seconds.
Begin MonoManager ReloadAssembly
Native extension for WindowsStandalone target not found
Refreshing native plugins compatible for Editor in 0.76 ms, found 5 plugins.
Preloading 0 native plugins for Editor in 0.00 ms.
Mono: successfully reloaded assembly
- Completed reload, in  1.778 seconds
Platform modules already initialized, skipping
Refreshing native plugins compatible for Editor in 1.15 ms, found 5 plugins.
Preloading 0 native plugins for Editor in 0.00 ms.
Unloading 1576 Unused Serialized files (Serialized files now loaded: 0)
System memory in use before: 92.4 MB.
System memory in use after: 92.4 MB.

Unloading 21 unused Assets to reduce memory usage. Loaded Objects now: 2115.
Total: 7.054000 ms (FindLiveObjects: 1.703000 ms CreateObjectMapping: 0.205900 ms MarkObjects: 4.920700 ms  DeleteObjects: 0.220400 ms)

========================================================================
Received Import Request.
  Time since last request: 381.790558 seconds.
  path: Assets/Scripts/UI/GameOverPanel.cs
  artifactKey: Guid(4d286d0a49aa60944803b481089e4f4c) Importer(815301076,1909f56bfc062723c751e8b465ee728b)
Start importing Assets/Scripts/UI/GameOverPanel.cs using Guid(4d286d0a49aa60944803b481089e4f4c) Importer(815301076,1909f56bfc062723c751e8b465ee728b)  -> (artifact id: '51a5fec9a9af7bcbc8a4934443592478') in 0.040494 seconds
  Import took 0.046106 seconds .

========================================================================
Received Import Request.
  Time since last request: 4.898985 seconds.
  path: Assets/Scripts/UI/PausePanel.cs
  artifactKey: Guid(0e7c7b50d56143a469be325361e8e5bc) Importer(815301076,1909f56bfc062723c751e8b465ee728b)
Start importing Assets/Scripts/UI/PausePanel.cs using Guid(0e7c7b50d56143a469be325361e8e5bc) Importer(815301076,1909f56bfc062723c751e8b465ee728b)  -> (artifact id: '7d961c7c882b0ab3a16804909bb0d7ad') in 0.023240 seconds
  Import took 0.029861 seconds .

========================================================================
Received Prepare
Registering precompiled user dll's ...
Registered in 0.006343 seconds.
Begin MonoManager ReloadAssembly
Native extension for WindowsStandalone target not found
Refreshing native plugins compatible for Editor in 0.97 ms, found 5 plugins.
Preloading 0 native plugins for Editor in 0.00 ms.
Mono: successfully reloaded assembly
- Completed reload, in  1.863 seconds
Platform modules already initialized, skipping
Refreshing native plugins compatible for Editor in 1.08 ms, found 5 plugins.
Preloading 0 native plugins for Editor in 0.00 ms.
Unloading 1576 Unused Serialized files (Serialized files now loaded: 0)
System memory in use before: 92.4 MB.
System memory in use after: 92.4 MB.

Unloading 21 unused Assets to reduce memory usage. Loaded Objects now: 2118.
Total: 3.197600 ms (FindLiveObjects: 0.271500 ms CreateObjectMapping: 0.042400 ms MarkObjects: 2.743700 ms  DeleteObjects: 0.137800 ms)

========================================================================
Received Import Request.
  Time since last request: 159.917572 seconds.
  path: Assets/Scenes/Level3.unity
  artifactKey: Guid(e5f1b53034b817244a401b4784b57277) Importer(815301076,1909f56bfc062723c751e8b465ee728b)
Start importing Assets/Scenes/Level3.unity using Guid(e5f1b53034b817244a401b4784b57277) Importer(815301076,1909f56bfc062723c751e8b465ee728b)  -> (artifact id: '9702bde5711d6978410714120324dda6') in 0.036551 seconds
  Import took 0.042366 seconds .

========================================================================
Received Prepare
Registering precompiled user dll's ...
Registered in 0.005961 seconds.
Begin MonoManager ReloadAssembly
Native extension for WindowsStandalone target not found
Refreshing native plugins compatible for Editor in 1.31 ms, found 5 plugins.
Preloading 0 native plugins for Editor in 0.00 ms.
Mono: successfully reloaded assembly
- Completed reload, in  2.333 seconds
Platform modules already initialized, skipping
Refreshing native plugins compatible for Editor in 1.21 ms, found 5 plugins.
Preloading 0 native plugins for Editor in 0.00 ms.
Unloading 1576 Unused Serialized files (Serialized files now loaded: 0)
System memory in use before: 92.4 MB.
System memory in use after: 92.5 MB.

Unloading 21 unused Assets to reduce memory usage. Loaded Objects now: 2121.
Total: 4.052200 ms (FindLiveObjects: 0.587800 ms CreateObjectMapping: 0.132500 ms MarkObjects: 3.183600 ms  DeleteObjects: 0.144600 ms)

========================================================================
Received Import Request.
  Time since last request: 29.061168 seconds.
  path: Assets/Prefabs/MainPrefabs/GameController.prefab
  artifactKey: Guid(f8b5db9fcc913ac4fb2ab3c2c4174bce) Importer(815301076,1909f56bfc062723c751e8b465ee728b)
Start importing Assets/Prefabs/MainPrefabs/GameController.prefab using Guid(f8b5db9fcc913ac4fb2ab3c2c4174bce) Importer(815301076,1909f56bfc062723c751e8b465ee728b)  -> (artifact id: '9f7e9f47b3f95de7b8ff9dce4ebbda6e') in 0.048200 seconds
  Import took 0.052336 seconds .

========================================================================
Received Import Request.
  Time since last request: 2.695103 seconds.
  path: Assets/Prefabs/MainPrefabs/GameController.prefab
  artifactKey: Guid(f8b5db9fcc913ac4fb2ab3c2c4174bce) Importer(815301076,1909f56bfc062723c751e8b465ee728b)
Start importing Assets/Prefabs/MainPrefabs/GameController.prefab using Guid(f8b5db9fcc913ac4fb2ab3c2c4174bce) Importer(815301076,1909f56bfc062723c751e8b465ee728b)  -> (artifact id: '2b8afb1662da467aac5253c3c66b3a5d') in 0.015745 seconds
  Import took 0.021149 seconds .

========================================================================
Received Prepare
Registering precompiled user dll's ...
Registered in 0.007082 seconds.
Begin MonoManager ReloadAssembly
Native extension for WindowsStandalone target not found
Refreshing native plugins compatible for Editor in 1.11 ms, found 5 plugins.
Preloading 0 native plugins for Editor in 0.00 ms.
Mono: successfully reloaded assembly
- Completed reload, in  1.909 seconds
Platform modules already initialized, skipping
Refreshing native plugins compatible for Editor in 1.58 ms, found 5 plugins.
Preloading 0 native plugins for Editor in 0.00 ms.
Unloading 1576 Unused Serialized files (Serialized files now loaded: 0)
System memory in use before: 92.4 MB.
System memory in use after: 92.5 MB.

Unloading 21 unused Assets to reduce memory usage. Loaded Objects now: 2124.
Total: 3.601000 ms (FindLiveObjects: 0.422700 ms CreateObjectMapping: 0.066100 ms MarkObjects: 2.960200 ms  DeleteObjects: 0.150000 ms)

========================================================================
Received Prepare
Registering precompiled user dll's ...
Registered in 0.009296 seconds.
Begin MonoManager ReloadAssembly
Native extension for WindowsStandalone target not found
Refreshing native plugins compatible for Editor in 0.79 ms, found 5 plugins.
Preloading 0 native plugins for Editor in 0.00 ms.
Mono: successfully reloaded assembly
- Completed reload, in  1.928 seconds
Platform modules already initialized, skipping
Refreshing native plugins compatible for Editor in 1.22 ms, found 5 plugins.
Preloading 0 native plugins for Editor in 0.00 ms.
Unloading 1576 Unused Serialized files (Serialized files now loaded: 0)
System memory in use before: 92.4 MB.
System memory in use after: 92.5 MB.

Unloading 21 unused Assets to reduce memory usage. Loaded Objects now: 2127.
Total: 5.677500 ms (FindLiveObjects: 0.443800 ms CreateObjectMapping: 0.107600 ms MarkObjects: 4.905300 ms  DeleteObjects: 0.217300 ms)

========================================================================
Received Prepare
Registering precompiled user dll's ...
Registered in 0.008820 seconds.
Begin MonoManager ReloadAssembly
Native extension for WindowsStandalone target not found
Refreshing native plugins compatible for Editor in 0.86 ms, found 5 plugins.
Preloading 0 native plugins for Editor in 0.00 ms.
Mono: successfully reloaded assembly
- Completed reload, in  1.957 seconds
Platform modules already initialized, skipping
Refreshing native plugins compatible for Editor in 0.76 ms, found 5 plugins.
Preloading 0 native plugins for Editor in 0.00 ms.
Unloading 1576 Unused Serialized files (Serialized files now loaded: 0)
System memory in use before: 92.4 MB.
System memory in use after: 92.5 MB.

Unloading 21 unused Assets to reduce memory usage. Loaded Objects now: 2130.
Total: 3.459700 ms (FindLiveObjects: 0.297000 ms CreateObjectMapping: 0.052300 ms MarkObjects: 2.970100 ms  DeleteObjects: 0.138400 ms)

========================================================================
Received Prepare
Registering precompiled user dll's ...
Registered in 0.004200 seconds.
Begin MonoManager ReloadAssembly
Native extension for WindowsStandalone target not found
Refreshing native plugins compatible for Editor in 1.07 ms, found 5 plugins.
Preloading 0 native plugins for Editor in 0.00 ms.
Mono: successfully reloaded assembly
- Completed reload, in  1.917 seconds
Platform modules already initialized, skipping
Refreshing native plugins compatible for Editor in 0.77 ms, found 5 plugins.
Preloading 0 native plugins for Editor in 0.00 ms.
Unloading 1576 Unused Serialized files (Serialized files now loaded: 0)
System memory in use before: 92.4 MB.
System memory in use after: 92.5 MB.

Unloading 21 unused Assets to reduce memory usage. Loaded Objects now: 2133.
Total: 3.747400 ms (FindLiveObjects: 0.286000 ms CreateObjectMapping: 0.065000 ms MarkObjects: 3.256600 ms  DeleteObjects: 0.137700 ms)

========================================================================
Received Prepare
Registering precompiled user dll's ...
Registered in 0.005190 seconds.
Begin MonoManager ReloadAssembly
Native extension for WindowsStandalone target not found
Refreshing native plugins compatible for Editor in 1.38 ms, found 5 plugins.
Preloading 0 native plugins for Editor in 0.00 ms.
Mono: successfully reloaded assembly
- Completed reload, in  2.077 seconds
Platform modules already initialized, skipping
Refreshing native plugins compatible for Editor in 1.09 ms, found 5 plugins.
Preloading 0 native plugins for Editor in 0.00 ms.
Unloading 1576 Unused Serialized files (Serialized files now loaded: 0)
System memory in use before: 92.4 MB.
System memory in use after: 92.5 MB.

Unloading 21 unused Assets to reduce memory usage. Loaded Objects now: 2136.
Total: 5.848900 ms (FindLiveObjects: 0.404200 ms CreateObjectMapping: 0.101500 ms MarkObjects: 5.119300 ms  DeleteObjects: 0.220500 ms)

AssetImportWorkerClient::OnTransportError - code=2 error=End of file
